<?xml version="1.0" encoding="UTF-8"?>
<!-- Generated by org.testng.reporters.JUnitXMLReporter -->
<testsuite hostname="DESKTOP-NUVRDQH" ignored="0" name="Test" tests="12" failures="2" timestamp="02 Oct 2019 07:09:02 GMT" time="491.65" errors="0">
  <testcase name="VerifyContactTest" time="1.526" classname="com.crm.qa.testcases.HomepageTest"/>
  <testcase name="verifyDealsTest" time="0.917" classname="com.crm.qa.testcases.HomepageTest"/>
  <testcase name="verifyTitleTest" time="0.128" classname="com.crm.qa.testcases.HomepageTest">
    <failure type="java.lang.AssertionError" message="Title not found expected [CRMPRO] but found [CRMPRO1]">
      <![CDATA[java.lang.AssertionError: Title not found expected [CRMPRO] but found [CRMPRO1]
	at com.crm.qa.testcases.HomepageTest.verifyTitleTest(HomepageTest.java:40)
... Removed 30 stack frames]]>
    </failure>
  </testcase> <!-- verifyTitleTest -->
  <testcase name="verifylabelTest" time="0.795" classname="com.crm.qa.testcases.HomepageTest"/>
  <testcase name="createContacttest" time="5.048" classname="com.crm.qa.testcases.ContactTest"/>
  <testcase name="createContacttest" time="5.034" classname="com.crm.qa.testcases.ContactTest"/>
  <testcase name="createContacttest" time="5.307" classname="com.crm.qa.testcases.ContactTest"/>
  <testcase name="verifyContactSelectTest" time="1.81" classname="com.crm.qa.testcases.ContactTest"/>
  <testcase name="verifyContactlabelTest" time="1.846" classname="com.crm.qa.testcases.ContactTest"/>
  <testcase name="VerifyTitle" time="0.043" classname="com.crm.qa.testcases.LoginPageTest">
    <failure type="java.lang.AssertionError" message="expected [CRMPRO - CRM software for customer relationship management, sales, and support.] but found [CRMPRO1 - CRM software for customer relationship management, sales, and support.]">
      <![CDATA[java.lang.AssertionError: expected [CRMPRO - CRM software for customer relationship management, sales, and support.] but found [CRMPRO1 - CRM software for customer relationship management, sales, and support.]
	at com.crm.qa.testcases.LoginPageTest.VerifyTitle(LoginPageTest.java:31)
... Removed 31 stack frames]]>
    </failure>
  </testcase> <!-- VerifyTitle -->
  <testcase name="verifyLogo" time="0.559" classname="com.crm.qa.testcases.LoginPageTest"/>
  <testcase name="LoginTest" time="8.892" classname="com.crm.qa.testcases.LoginPageTest"/>
</testsuite> <!-- Test -->
